[1117/190356:ERROR:renderer_main.cc(203)] Running without renderer sandbox
[1117/190358:ERROR:child_discardable_shared_memory_manager.cc(266)] size: 4194304
[1117/190359:INFO:CONSOLE(112)] "Uncaught RangeError: Maximum call stack size exceeded", source:  (112)
[1117/190401:ERROR:child_discardable_shared_memory_manager.cc(266)] size: 4194304
[1117/190401:ERROR:child_discardable_shared_memory_manager.cc(266)] size: 4194304
[1117/190401:INFO:CONSOLE(179)] "%c", source: https://acstatic-dun.126.net/2.4.0_0f8fdcee/watchman.min.js (179)
[1117/190401:INFO:CONSOLE(179)] "%c", source: https://acstatic-dun.126.net/2.4.0_0f8fdcee/watchman.min.js (179)
[1117/190401:INFO:CONSOLE(179)] "%c", source: https://acstatic-dun.126.net/2.4.0_0f8fdcee/watchman.min.js (179)
[1117/190401:INFO:CONSOLE(179)] "%c", source: https://acstatic-dun.126.net/2.4.0_0f8fdcee/watchman.min.js (179)
[1117/190401:INFO:CONSOLE(132)] "2018-11-17 19:04:01.333 Player %c[ERROR]", source: https://s3.music.126.net/web/s/core_823fa7df3011ebaf96014195456bdaf9.js?823fa7df3011ebaf96014195456bdaf9 (132)
[1117/190401:INFO:CONSOLE(0)] "'webkitRequestAnimationFrame' is vendor-specific. Please use the standard 'requestAnimationFrame' instead.", source:  (0)
[1117/190401:ERROR:audio_low_latency_output_win.cc(181)] Bailing out due to non-perfect timing.  Buffer size of 480 is not an even divisor of 1056
[1117/190401:INFO:CONSOLE(0)] "'webkitCancelRequestAnimationFrame' is vendor-specific. Please use the standard 'cancelAnimationFrame' instead.", source:  (0)
[1117/190403:ERROR:child_discardable_shared_memory_manager.cc(266)] size: 4194304
[1117/190409:ERROR:child_discardable_shared_memory_manager.cc(266)] size: 4194304
[1117/190409:ERROR:child_discardable_shared_memory_manager.cc(266)] size: 4194304
[1117/190433:ERROR:renderer_main.cc(203)] Running without renderer sandbox
[1117/190436:INFO:CONSOLE(112)] "Uncaught RangeError: Maximum call stack size exceeded", source:  (112)
[1117/190436:ERROR:child_discardable_shared_memory_manager.cc(266)] size: 4194304
[1117/190438:ERROR:child_discardable_shared_memory_manager.cc(266)] size: 4194304
[1117/190439:INFO:CONSOLE(6)] "> script loaded: ", source: https://stdl.qq.com/stdl/qqbrowser/floatlayer/yqq.js?max_age=2592000&v=20180702 (6)
[1117/190440:ERROR:child_discardable_shared_memory_manager.cc(266)] size: 4194304
[1117/190440:ERROR:child_discardable_shared_memory_manager.cc(266)] size: 5476352
[1117/190440:ERROR:child_discardable_shared_memory_manager.cc(266)] size: 5476352
[1117/190443:INFO:CONSOLE(1)] "renderSong begin:210", source: https://y.gtimg.cn/music/portal/js/v4/player_52fd21d.js?max_age=31536000 (1)
[1117/190443:INFO:CONSOLE(6)] "> script loaded: ", source: https://stdl.qq.com/stdl/qqbrowser/floatlayer/yqq.js?max_age=2592000&v=20180702 (6)
[1117/190444:INFO:CONSOLE(6)] "errorSend:	http://wspeed.qq.com/w.cgi?appid=1000217&releaseversion=yqq1&commandid=play_error_yqq&resultcode=0&touin=0&tmcost=0&frequency=1&detail=OnPlayBegin,songid=1579428. &rmd=1542452684069", source: https://y.gtimg.cn/music/portal/js/common/pkg/player_module_07575f4.js?max_age=31536000 (6)
[1117/190444:INFO:CONSOLE(1)] "OnSongPlayBegin begin:69", source: https://y.gtimg.cn/music/portal/js/v4/player_52fd21d.js?max_age=31536000 (1)
[1117/190444:INFO:CONSOLE(1)] "renderSong begin:85", source: https://y.gtimg.cn/music/portal/js/v4/player_52fd21d.js?max_age=31536000 (1)
[1117/190444:INFO:CONSOLE(1)] "renderSong end:110", source: https://y.gtimg.cn/music/portal/js/v4/player_52fd21d.js?max_age=31536000 (1)
[1117/190444:INFO:CONSOLE(0)] "Mixed Content: The page at 'https://y.qq.com/portal/player.html' was loaded over HTTPS, but requested an insecure image 'http://wspeed.qq.com/w.cgi?appid=1000217&releaseversion=yqq1&commandid=play_error_yqq&resultcode=0&touin=0&tmcost=0&frequency=1&detail=OnPlayBegin,songid=1579428.%20&rmd=1542452684069'. This content should also be served over HTTPS.", source: https://y.qq.com/portal/player.html (0)
[1117/190444:ERROR:child_discardable_shared_memory_manager.cc(266)] size: 5476352
[1117/190444:INFO:CONSOLE(0)] "Mixed Content: The page at 'https://y.qq.com/portal/player.html' was loaded over HTTPS, but requested an insecure video 'http://118.112.10.143/amobile.music.tc.qq.com/C400003mAan70zUy5O.m4a?guid=2384354832&vkey=838BC022D71C65AAC5A458A9F6563520AFBBC6EAC7F5C4FBEA95FACBBE674F8F314DCB724DCED059458E8C422B6270786184F6219389655F&uin=0&fromtag=3&r=1735909809358418'. This content should also be served over HTTPS.", source: https://y.qq.com/portal/player.html (0)
[1117/190444:INFO:CONSOLE(0)] "Mixed Content: The page at 'https://y.qq.com/portal/player.html' was loaded over HTTPS, but requested an insecure video 'http://118.112.10.144/amobile.music.tc.qq.com/C400003mAan70zUy5O.m4a?guid=2384354832&vkey=838BC022D71C65AAC5A458A9F6563520AFBBC6EAC7F5C4FBEA95FACBBE674F8F314DCB724DCED059458E8C422B6270786184F6219389655F&uin=0&fromtag=3&r=8556328115519136'. This content should also be served over HTTPS.", source: https://y.qq.com/portal/player.html (0)
[1117/190444:INFO:CONSOLE(0)] "Mixed Content: The page at 'https://y.qq.com/portal/player.html' was loaded over HTTPS, but requested an insecure video 'http://isure.stream.qqmusic.qq.com/C400003mAan70zUy5O.m4a?guid=2384354832&vkey=838BC022D71C65AAC5A458A9F6563520AFBBC6EAC7F5C4FBEA95FACBBE674F8F314DCB724DCED059458E8C422B6270786184F6219389655F&uin=0&fromtag=3&r=9004768314771354'. This content should also be served over HTTPS.", source: https://y.qq.com/portal/player.html (0)
[1117/190444:INFO:CONSOLE(0)] "Mixed Content: The page at 'https://y.qq.com/portal/player.html' was loaded over HTTPS, but requested an insecure video 'http://118.112.10.145/amobile.music.tc.qq.com/C400003mAan70zUy5O.m4a?guid=2384354832&vkey=838BC022D71C65AAC5A458A9F6563520AFBBC6EAC7F5C4FBEA95FACBBE674F8F314DCB724DCED059458E8C422B6270786184F6219389655F&uin=0&fromtag=3&r=6539384471252561'. This content should also be served over HTTPS.", source: https://y.qq.com/portal/player.html (0)
[1117/190444:INFO:CONSOLE(0)] "Mixed Content: The page at 'https://y.qq.com/portal/player.html' was loaded over HTTPS, but requested an insecure video 'http://dl.stream.qqmusic.qq.com/C400003mAan70zUy5O.m4a?guid=2384354832&vkey=838BC022D71C65AAC5A458A9F6563520AFBBC6EAC7F5C4FBEA95FACBBE674F8F314DCB724DCED059458E8C422B6270786184F6219389655F&uin=0&fromtag=3&r=6176021406427026'. This content should also be served over HTTPS.", source: https://y.qq.com/portal/player.html (0)
[1117/190444:INFO:CONSOLE(6)] "[object Object],[object Object],[object Object],[object Object],[object Object]", source: https://y.gtimg.cn/music/portal/js/common/pkg/player_module_07575f4.js?max_age=31536000 (6)
[1117/190444:INFO:CONSOLE(6)] "[object Object],[object Object],[object Object],[object Object],[object Object]", source: https://y.gtimg.cn/music/portal/js/common/pkg/player_module_07575f4.js?max_age=31536000 (6)
[1117/190444:INFO:CONSOLE(6)] "m.getExp 1", source: https://y.gtimg.cn/music/portal/js/common/pkg/player_module_07575f4.js?max_age=31536000 (6)
[1117/190444:INFO:CONSOLE(6)] "errorSend:	https://huatuospeed.weiyun.com/cgi-bin/r.cgi?flag1=170&flag2=118&flag3=4&6=100", source: https://y.gtimg.cn/music/portal/js/common/pkg/player_module_07575f4.js?max_age=31536000 (6)
[1117/190444:INFO:CONSOLE(6)] "speedSet,flag1=170,flag2=	118	,flag3=	4	,id=	0	,speed=	1542452684321", source: https://y.gtimg.cn/music/portal/js/common/pkg/player_module_07575f4.js?max_age=31536000 (6)
[1117/190444:INFO:CONSOLE(6)] "expPlayUL 3,url:	http://118.112.10.144/amobile.music.tc.qq.com/C400000Br8Y53R1cnP.m4a?guid=2384354832&vkey=07C347ED8EFD695E8E85F05535074E16C226BA11212D00CB369D180AFA5C988A6413D5D4F111C40A477066FC9306E26132F8A1801DEFDD67&uin=0&fromtag=66", source: https://y.gtimg.cn/music/portal/js/common/pkg/player_module_07575f4.js?max_age=31536000 (6)
[1117/190444:INFO:CONSOLE(0)] "Mixed Content: The page at 'https://y.qq.com/portal/player.html' was loaded over HTTPS, but requested an insecure video 'http://118.112.10.144/amobile.music.tc.qq.com/C400000Br8Y53R1cnP.m4a?guid=2384354832&vkey=07C347ED8EFD695E8E85F05535074E16C226BA11212D00CB369D180AFA5C988A6413D5D4F111C40A477066FC9306E26132F8A1801DEFDD67&uin=0&fromtag=66'. This content should also be served over HTTPS.", source: https://y.qq.com/portal/player.html (0)
[1117/190444:ERROR:audio_low_latency_output_win.cc(181)] Bailing out due to non-perfect timing.  Buffer size of 480 is not an even divisor of 1056
[1117/190444:INFO:CONSOLE(6)] "speedSet,flag1=170,flag2=	118	,flag3=	4	,id=	2	,speed=	14", source: https://y.gtimg.cn/music/portal/js/common/pkg/player_module_07575f4.js?max_age=31536000 (6)
[1117/190444:INFO:CONSOLE(6)] "speed report:	https://huatuospeed.weiyun.com/cgi-bin/r.cgi?flag1=170&flag2=118&flag3=4&2=14	;_arr.length:	1	;data.length:	3", source: https://y.gtimg.cn/music/portal/js/common/pkg/player_module_07575f4.js?max_age=31536000 (6)
